# JRE version: OpenJDK Runtime Environment (8.0_152-b02) (build 1.8.0_152-release-1024-b02)
# Java VM: OpenJDK 64-Bit Server VM (25.152-b02 mixed mode windows-amd64 compressed oops)
Heap:
 PSYoungGen      total 116224K, used 92879K [0x00000000e0000000, 0x00000000e7f00000, 0x0000000100000000)
  eden space 105472K, 82% used [0x00000000e0000000,0x00000000e54a4278,0x00000000e6700000)
  from space 10752K, 67% used [0x00000000e7480000,0x00000000e7b8c080,0x00000000e7f00000)
  to   space 12288K, 0% used [0x00000000e6700000,0x00000000e6700000,0x00000000e7300000)
 ParOldGen       total 71168K, used 30391K [0x00000000a0000000, 0x00000000a4580000, 0x00000000e0000000)
  object space 71168K, 42% used [0x00000000a0000000,0x00000000a1dadf28,0x00000000a4580000)
 Metaspace       used 63202K, capacity 65436K, committed 65556K, reserved 1105920K
  class space    used 8206K, capacity 8720K, committed 8764K, reserved 1048576K
GC Heap History (10 events):
Event: 76.083 GC heap before
{Heap before GC invocations=27 (full 2):
 PSYoungGen      total 91648K, used 89954K [0x00000000e0000000, 0x00000000e6480000, 0x0000000100000000)
  eden space 82432K, 99% used [0x00000000e0000000,0x00000000e4fb7d88,0x00000000e5080000)
  from space 9216K, 90% used [0x00000000e5b00000,0x00000000e6320aa8,0x00000000e6400000)
  to   space 10240K, 0% used [0x00000000e5080000,0x00000000e5080000,0x00000000e5a80000)
 ParOldGen       total 43008K, used 27938K [0x00000000a0000000, 0x00000000a2a00000, 0x00000000e0000000)
  object space 43008K, 64% used [0x00000000a0000000,0x00000000a1b48890,0x00000000a2a00000)
 Metaspace       used 57238K, capacity 58810K, committed 58968K, reserved 1099776K
  class space    used 7660K, capacity 8042K, committed 8064K, reserved 1048576K
Event: 76.114 GC heap after
Heap after GC invocations=27 (full 2):
 PSYoungGen      total 92672K, used 7337K [0x00000000e0000000, 0x00000000e7300000, 0x0000000100000000)
  eden space 82432K, 0% used [0x00000000e0000000,0x00000000e0000000,0x00000000e5080000)
  from space 10240K, 71% used [0x00000000e5080000,0x00000000e57aa548,0x00000000e5a80000)
  to   space 10752K, 0% used [0x00000000e6880000,0x00000000e6880000,0x00000000e7300000)
 ParOldGen       total 43008K, used 35262K [0x00000000a0000000, 0x00000000a2a00000, 0x00000000e0000000)
  object space 43008K, 81% used [0x00000000a0000000,0x00000000a226fba0,0x00000000a2a00000)
 Metaspace       used 57238K, capacity 58810K, committed 58968K, reserved 1099776K
  class space    used 7660K, capacity 8042K, committed 8064K, reserved 1048576K
}
Event: 79.489 GC heap before
{Heap before GC invocations=28 (full 2):
 PSYoungGen      total 92672K, used 36521K [0x00000000e0000000, 0x00000000e7300000, 0x0000000100000000)
  eden space 82432K, 35% used [0x00000000e0000000,0x00000000e1c800a0,0x00000000e5080000)
  from space 10240K, 71% used [0x00000000e5080000,0x00000000e57aa548,0x00000000e5a80000)
  to   space 10752K, 0% used [0x00000000e6880000,0x00000000e6880000,0x00000000e7300000)
 ParOldGen       total 43008K, used 35262K [0x00000000a0000000, 0x00000000a2a00000, 0x00000000e0000000)
  object space 43008K, 81% used [0x00000000a0000000,0x00000000a226fba0,0x00000000a2a00000)
 Metaspace       used 57340K, capacity 58916K, committed 59028K, reserved 1099776K
  class space    used 7667K, capacity 8077K, committed 8124K, reserved 1048576K
Event: 79.499 GC heap after
Heap after GC invocations=28 (full 2):
 PSYoungGen      total 103936K, used 1053K [0x00000000e0000000, 0x00000000e7180000, 0x0000000100000000)
  eden space 94720K, 0% used [0x00000000e0000000,0x00000000e0000000,0x00000000e5c80000)
  from space 9216K, 11% used [0x00000000e6880000,0x00000000e6987460,0x00000000e7180000)
  to   space 10752K, 0% used [0x00000000e5c80000,0x00000000e5c80000,0x00000000e6700000)
 ParOldGen       total 43008K, used 37963K [0x00000000a0000000, 0x00000000a2a00000, 0x00000000e0000000)
  object space 43008K, 88% used [0x00000000a0000000,0x00000000a2512c78,0x00000000a2a00000)
 Metaspace       used 57340K, capacity 58916K, committed 59028K, reserved 1099776K
  class space    used 7667K, capacity 8077K, committed 8124K, reserved 1048576K
}
Event: 79.500 GC heap before
{Heap before GC invocations=29 (full 3):
 PSYoungGen      total 103936K, used 1053K [0x00000000e0000000, 0x00000000e7180000, 0x0000000100000000)
  eden space 94720K, 0% used [0x00000000e0000000,0x00000000e0000000,0x00000000e5c80000)
  from space 9216K, 11% used [0x00000000e6880000,0x00000000e6987460,0x00000000e7180000)
  to   space 10752K, 0% used [0x00000000e5c80000,0x00000000e5c80000,0x00000000e6700000)
 ParOldGen       total 43008K, used 37963K [0x00000000a0000000, 0x00000000a2a00000, 0x00000000e0000000)
  object space 43008K, 88% used [0x00000000a0000000,0x00000000a2512c78,0x00000000a2a00000)
 Metaspace       used 57340K, capacity 58916K, committed 59028K, reserved 1099776K
  class space    used 7667K, capacity 8077K, committed 8124K, reserved 1048576K
Event: 80.153 GC heap after
Heap after GC invocations=29 (full 3):
 PSYoungGen      total 103936K, used 0K [0x00000000e0000000, 0x00000000e7180000, 0x0000000100000000)
  eden space 94720K, 0% used [0x00000000e0000000,0x00000000e0000000,0x00000000e5c80000)
  from space 9216K, 0% used [0x00000000e6880000,0x00000000e6880000,0x00000000e7180000)
  to   space 10752K, 0% used [0x00000000e5c80000,0x00000000e5c80000,0x00000000e6700000)
 ParOldGen       total 71168K, used 30375K [0x00000000a0000000, 0x00000000a4580000, 0x00000000e0000000)
  object space 71168K, 42% used [0x00000000a0000000,0x00000000a1da9f28,0x00000000a4580000)
 Metaspace       used 57340K, capacity 58916K, committed 59028K, reserved 1099776K
  class space    used 7667K, capacity 8077K, committed 8124K, reserved 1048576K
}
Event: 261.814 GC heap before
{Heap before GC invocations=30 (full 3):
 PSYoungGen      total 103936K, used 94720K [0x00000000e0000000, 0x00000000e7180000, 0x0000000100000000)
  eden space 94720K, 100% used [0x00000000e0000000,0x00000000e5c80000,0x00000000e5c80000)
  from space 9216K, 0% used [0x00000000e6880000,0x00000000e6880000,0x00000000e7180000)
  to   space 10752K, 0% used [0x00000000e5c80000,0x00000000e5c80000,0x00000000e6700000)
 ParOldGen       total 71168K, used 30375K [0x00000000a0000000, 0x00000000a4580000, 0x00000000e0000000)
  object space 71168K, 42% used [0x00000000a0000000,0x00000000a1da9f28,0x00000000a4580000)
 Metaspace       used 61437K, capacity 63306K, committed 63508K, reserved 1103872K
  class space    used 8026K, capacity 8481K, committed 8508K, reserved 1048576K
Event: 261.856 GC heap after
Heap after GC invocations=30 (full 3):
 PSYoungGen      total 105472K, used 9679K [0x00000000e0000000, 0x00000000e8080000, 0x0000000100000000)
  eden space 94720K, 0% used [0x00000000e0000000,0x00000000e0000000,0x00000000e5c80000)
  from space 10752K, 90% used [0x00000000e5c80000,0x00000000e65f3c48,0x00000000e6700000)
  to   space 12288K, 0% used [0x00000000e7480000,0x00000000e7480000,0x00000000e8080000)
 ParOldGen       total 71168K, used 30383K [0x00000000a0000000, 0x00000000a4580000, 0x00000000e0000000)
  object space 71168K, 42% used [0x00000000a0000000,0x00000000a1dabf28,0x00000000a4580000)
 Metaspace       used 61437K, capacity 63306K, committed 63508K, reserved 1103872K
  class space    used 8026K, capacity 8481K, committed 8508K, reserved 1048576K
}
Event: 275.920 GC heap before
{Heap before GC invocations=31 (full 3):
 PSYoungGen      total 105472K, used 104399K [0x00000000e0000000, 0x00000000e8080000, 0x0000000100000000)
  eden space 94720K, 100% used [0x00000000e0000000,0x00000000e5c80000,0x00000000e5c80000)
  from space 10752K, 90% used [0x00000000e5c80000,0x00000000e65f3c48,0x00000000e6700000)
  to   space 12288K, 0% used [0x00000000e7480000,0x00000000e7480000,0x00000000e8080000)
 ParOldGen       total 71168K, used 30383K [0x00000000a0000000, 0x00000000a4580000, 0x00000000e0000000)
  object space 71168K, 42% used [0x00000000a0000000,0x00000000a1dabf28,0x00000000a4580000)
 Metaspace       used 61546K, capacity 63440K, committed 63508K, reserved 1103872K
  class space    used 8027K, capacity 8482K, committed 8508K, reserved 1048576K
Event: 275.937 GC heap after
Heap after GC invocations=31 (full 3):
 PSYoungGen      total 116224K, used 7216K [0x00000000e0000000, 0x00000000e7f00000, 0x0000000100000000)
  eden space 105472K, 0% used [0x00000000e0000000,0x00000000e0000000,0x00000000e6700000)
  from space 10752K, 67% used [0x00000000e7480000,0x00000000e7b8c080,0x00000000e7f00000)
  to   space 12288K, 0% used [0x00000000e6700000,0x00000000e6700000,0x00000000e7300000)
 ParOldGen       total 71168K, used 30391K [0x00000000a0000000, 0x00000000a4580000, 0x00000000e0000000)
  object space 71168K, 42% used [0x00000000a0000000,0x00000000a1dadf28,0x00000000a4580000)
 Metaspace       used 61546K, capacity 63440K, committed 63508K, reserved 1103872K
  class space    used 8027K, capacity 8482K, committed 8508K, reserved 1048576K
}

